
> booking@0.1.0 build
> cross-env NODE_OPTIONS='--max-old-space-size=8192' next build

  ▲ Next.js 14.2.35
  - Environments: .env.local, .env.production, .env
  - Experiments (use with caution):
    · optimizeCss
    · scrollRestoration
    · webpackBuildWorker
    · largePageDataBytes

   Creating an optimized production build ...
 ✓ Compiled successfully
   Skipping validation of types
   Skipping linting
   Collecting page data ...
 ⚠ Sending SIGTERM signal to Next.js build worker due to timeout of 60 seconds. Subsequent errors may be a result of the worker exiting.
 ⨯ Next.js build worker exited with code: null and signal: SIGTERM
 ⨯ Next.js build worker exited with code: null and signal: SIGTERM
 ⨯ Next.js build worker exited with code: null and signal: SIGTERM
 ⨯ Next.js build worker exited with code: null and signal: SIGTERM
 ⨯ Next.js build worker exited with code: null and signal: SIGTERM
 ⨯ Next.js build worker exited with code: null and signal: SIGTERM
 ⨯ Next.js build worker exited with code: null and signal: SIGTERM
 ⚠ Restarted collecting page data for /_app because it took more than 60 seconds
 ⚠ See more info here https://nextjs.org/docs/messages/static-page-generation-timeout
 ⚠ Restarted collecting page data for /_app because it took more than 60 seconds
 ⚠ Using edge runtime on a page currently disables static generation for that page
   Generating static pages (0/2) ...
 ⚠ Sending SIGTERM signal to Next.js build worker due to timeout of 60 seconds. Subsequent errors may be a result of the worker exiting.
 ⨯ Next.js build worker exited with code: null and signal: SIGTERM
 ⨯ Next.js build worker exited with code: null and signal: SIGTERM
 ⨯ Next.js build worker exited with code: null and signal: SIGTERM
 ⨯ Next.js build worker exited with code: null and signal: SIGTERM
 ⨯ Next.js build worker exited with code: null and signal: SIGTERM
 ⚠ Restarted static page generation for /404 because it took more than 60 seconds
 ⚠ Restarted static page generation for /500 because it took more than 60 seconds
 ⚠ Sending SIGTERM signal to Next.js build worker due to timeout of 60 seconds. Subsequent errors may be a result of the worker exiting.
 ⨯ Next.js build worker exited with code: null and signal: SIGTERM
 ⨯ Next.js build worker exited with code: null and signal: SIGTERM
 ⨯ Next.js build worker exited with code: null and signal: SIGTERM
 ⨯ Next.js build worker exited with code: null and signal: SIGTERM
 ⨯ Next.js build worker exited with code: null and signal: SIGTERM
 ⨯ Next.js build worker exited with code: null and signal: SIGTERM
 ⨯ Next.js build worker exited with code: null and signal: SIGTERM
 ⚠ Restarted static page generation for /404 because it took more than 60 seconds
 ⚠ Restarted static page generation for /500 because it took more than 60 seconds
 ⚠ Sending SIGTERM signal to Next.js build worker due to timeout of 60 seconds. Subsequent errors may be a result of the worker exiting.
 ⨯ Next.js build worker exited with code: null and signal: SIGTERM
 ⨯ Next.js build worker exited with code: null and signal: SIGTERM
 ⨯ Next.js build worker exited with code: null and signal: SIGTERM
 ⨯ Next.js build worker exited with code: null and signal: SIGTERM
 ⨯ Next.js build worker exited with code: null and signal: SIGTERM
 ⨯ Next.js build worker exited with code: null and signal: SIGTERM
 ⨯ Next.js build worker exited with code: null and signal: SIGTERM

> Build error occurred
Error: Static page generation for /404 is still timing out after 3 attempts. See more info here https://nextjs.org/docs/messages/static-page-generation-timeout
    at onRestart (/mnt/c/Users/Adrin/Documents/MyProjects/appointmentbooking-monorepo/node_modules/.pnpm/next@14.2.35_@babel+core@7.28.5_@opentelemetry+api@1.9.0_@playwright+test@1.56.1_react-_a68ed076debf988a07192e487df25e26/node_modules/next/dist/build/index.js:292:27)
    at /mnt/c/Users/Adrin/Documents/MyProjects/appointmentbooking-monorepo/node_modules/.pnpm/next@14.2.35_@babel+core@7.28.5_@opentelemetry+api@1.9.0_@playwright+test@1.56.1_react-_a68ed076debf988a07192e487df25e26/node_modules/next/dist/lib/worker.js:104:40
    at process.processTicksAndRejections (node:internal/process/task_queues:95:5)
    at async /mnt/c/Users/Adrin/Documents/MyProjects/appointmentbooking-monorepo/node_modules/.pnpm/next@14.2.35_@babel+core@7.28.5_@opentelemetry+api@1.9.0_@playwright+test@1.56.1_react-_a68ed076debf988a07192e487df25e26/node_modules/next/dist/export/index.js:450:20
    at async Span.traceAsyncFn (/mnt/c/Users/Adrin/Documents/MyProjects/appointmentbooking-monorepo/node_modules/.pnpm/next@14.2.35_@babel+core@7.28.5_@opentelemetry+api@1.9.0_@playwright+test@1.56.1_react-_a68ed076debf988a07192e487df25e26/node_modules/next/dist/trace/trace.js:154:20)
    at async /mnt/c/Users/Adrin/Documents/MyProjects/appointmentbooking-monorepo/node_modules/.pnpm/next@14.2.35_@babel+core@7.28.5_@opentelemetry+api@1.9.0_@playwright+test@1.56.1_react-_a68ed076debf988a07192e487df25e26/node_modules/next/dist/export/index.js:448:24
    at async Promise.all (index 0)
    at async exportAppImpl (/mnt/c/Users/Adrin/Documents/MyProjects/appointmentbooking-monorepo/node_modules/.pnpm/next@14.2.35_@babel+core@7.28.5_@opentelemetry+api@1.9.0_@playwright+test@1.56.1_react-_a68ed076debf988a07192e487df25e26/node_modules/next/dist/export/index.js:440:21)
    at async /mnt/c/Users/Adrin/Documents/MyProjects/appointmentbooking-monorepo/node_modules/.pnpm/next@14.2.35_@babel+core@7.28.5_@opentelemetry+api@1.9.0_@playwright+test@1.56.1_react-_a68ed076debf988a07192e487df25e26/node_modules/next/dist/export/index.js:623:16
    at async Span.traceAsyncFn (/mnt/c/Users/Adrin/Documents/MyProjects/appointmentbooking-monorepo/node_modules/.pnpm/next@14.2.35_@babel+core@7.28.5_@opentelemetry+api@1.9.0_@playwright+test@1.56.1_react-_a68ed076debf988a07192e487df25e26/node_modules/next/dist/trace/trace.js:154:20)
npm ERR! Lifecycle script `build` failed with error: 
npm ERR! Error: command failed 
npm ERR!   in workspace: booking@0.1.0 
npm ERR!   at location: /mnt/c/Users/Adrin/Documents/MyProjects/appointmentbooking-monorepo/apps/booking 
